<?xml version="1.0" encoding="UTF-8"?>
<!-- Generated by org.testng.reporters.JUnitXMLReporter -->
<testsuite ignored="0" hostname="Mithu" failures="0" tests="3" name="Default test" time="0.04" errors="0" timestamp="21 Oct 2021 20:18:06 GMT">
  <testcase classname="com.Simple_Annotation.Simple_Annotations" name="earphone" time="0.008"/>
  <testcase classname="com.Simple_Annotation.Simple_Annotations" name="laptop" time="0.002"/>
  <testcase classname="com.Simple_Annotation.Simple_Annotations" name="mobile" time="0.001"/>
</testsuite> <!-- Default test -->
